<?xml version="1.0" encoding="UTF-8"?>
<!-- Generated by org.testng.reporters.JUnitReportReporter -->
<testsuite hostname="LAPTOP-8HVGFV97" failures="0" tests="1" name="Auto.Excel.test" time="11.302" errors="0" timestamp="2022-04-24T17:21:20 IST" skipped="0">
  <testcase classname="Auto.Excel.test" name="Test" time="11.302"/>
  <system-out/>
</testsuite> <!-- Auto.Excel.test -->
